<html>
<head>
<title>TestNG:  Test</title>
<link href="../testng.css" rel="stylesheet" type="text/css" />
<link href="../my-testng.css" rel="stylesheet" type="text/css" />

<style type="text/css">
.log { display: none;} 
.stack-trace { display: none;} 
</style>
<script type="text/javascript">
<!--
function flip(e) {
  current = e.style.display;
  if (current == 'block') {
    e.style.display = 'none';
    return 0;
  }
  else {
    e.style.display = 'block';
    return 1;
  }
}

function toggleBox(szDivId, elem, msg1, msg2)
{
  var res = -1;  if (document.getElementById) {
    res = flip(document.getElementById(szDivId));
  }
  else if (document.all) {
    // this is the way old msie versions work
    res = flip(document.all[szDivId]);
  }
  if(elem) {
    if(res == 0) elem.innerHTML = msg1; else elem.innerHTML = msg2;
  }

}

function toggleAllBoxes() {
  if (document.getElementsByTagName) {
    d = document.getElementsByTagName('div');
    for (i = 0; i < d.length; i++) {
      if (d[i].className == 'log') {
        flip(d[i]);
      }
    }
  }
}

// -->
</script>

</head>
<body>
<h2 align='center'>Test</h2><table border='1' align="center">
<tr>
<td>Tests passed/Failed/Skipped:</td><td>15/4/0</td>
</tr><tr>
<td>Started on:</td><td>Wed Apr 24 16:42:09 IST 2024</td>
</tr>
<tr><td>Total time:</td><td>0 seconds (968 ms)</td>
</tr><tr>
<td>Included groups:</td><td></td>
</tr><tr>
<td>Excluded groups:</td><td></td>
</tr>
</table><p/>
<small><i>(Hover the method name to see the test class name)</i></small><p/>
<table width='100%' border='1' class='invocation-failed'>
<tr><td colspan='4' align='center'><b>FAILED TESTS</b></td></tr>
<tr><td><b>Test method</b></td>
<td width="30%"><b>Exception</b></td>
<td width="10%"><b>Time (seconds)</b></td>
<td><b>Instance</b></td>
</tr>
<tr>
<td title='tests.TestingKeywordPriority.test4()'><b>test4</b><br>Test class: tests.TestingKeywordPriority</td>
<td><div><pre>java.lang.AssertionError: The following asserts failed:
	expected [www.facebook.com/Home] but found [www.facebook.com],
	expected [Facebook123] but found [Facebook]
	at tests.TestingKeywordPriority.test4(TestingKeywordPriority.java:100)
	at java.base/java.util.ArrayList.forEach(ArrayList.java:1596)
... Removed 27 stack frames</pre></div><a href='#' onClick='toggleBox("stack-trace1631086936", this, "Click to show all stack frames", "Click to hide stack frames")'>Click to show all stack frames</a>
<div class='stack-trace' id='stack-trace1631086936'><pre>java.lang.AssertionError: The following asserts failed:
	expected [www.facebook.com/Home] but found [www.facebook.com],
	expected [Facebook123] but found [Facebook]
	at org.testng.asserts.SoftAssert.assertAll(SoftAssert.java:47)
	at org.testng.asserts.SoftAssert.assertAll(SoftAssert.java:31)
	at tests.TestingKeywordPriority.test4(TestingKeywordPriority.java:100)
	at java.base/jdk.internal.reflect.DirectMethodHandleAccessor.invoke(DirectMethodHandleAccessor.java:103)
	at java.base/java.lang.reflect.Method.invoke(Method.java:580)
	at org.testng.internal.MethodInvocationHelper.invokeMethod(MethodInvocationHelper.java:133)
	at org.testng.internal.TestInvoker.invokeMethod(TestInvoker.java:598)
	at org.testng.internal.TestInvoker.invokeTestMethod(TestInvoker.java:173)
	at org.testng.internal.MethodRunner.runInSequence(MethodRunner.java:46)
	at org.testng.internal.TestInvoker$MethodInvocationAgent.invoke(TestInvoker.java:824)
	at org.testng.internal.TestInvoker.invokeTestMethods(TestInvoker.java:146)
	at org.testng.internal.TestMethodWorker.invokeTestMethods(TestMethodWorker.java:146)
	at org.testng.internal.TestMethodWorker.run(TestMethodWorker.java:128)
	at java.base/java.util.ArrayList.forEach(ArrayList.java:1596)
	at org.testng.TestRunner.privateRun(TestRunner.java:794)
	at org.testng.TestRunner.run(TestRunner.java:596)
	at org.testng.SuiteRunner.runTest(SuiteRunner.java:377)
	at org.testng.SuiteRunner.runSequentially(SuiteRunner.java:371)
	at org.testng.SuiteRunner.privateRun(SuiteRunner.java:332)
	at org.testng.SuiteRunner.run(SuiteRunner.java:276)
	at org.testng.SuiteRunnerWorker.runSuite(SuiteRunnerWorker.java:53)
	at org.testng.SuiteRunnerWorker.run(SuiteRunnerWorker.java:96)
	at org.testng.TestNG.runSuitesSequentially(TestNG.java:1212)
	at org.testng.TestNG.runSuitesLocally(TestNG.java:1134)
	at org.testng.TestNG.runSuites(TestNG.java:1063)
	at org.testng.TestNG.run(TestNG.java:1031)
	at org.testng.remote.AbstractRemoteTestNG.run(AbstractRemoteTestNG.java:115)
	at org.testng.remote.RemoteTestNG.initAndRun(RemoteTestNG.java:293)
	at org.testng.remote.RemoteTestNG.main(RemoteTestNG.java:91)
</pre></div></td>
<td>0</td>
<td>tests.TestingKeywordPriority@7cc0cdad</td></tr>
<tr>
<td title='tests.TestingKeywordInvocationCount.test3()'><b>test3</b><br>Test class: tests.TestingKeywordInvocationCount</td>
<td><div><pre>java.lang.AssertionError: The following asserts failed:
	expected [www.facebook.com/setting] but found [www.facebook.com],
	expected [Facebook-setting page] but found [Facebook]
	at tests.TestingKeywordInvocationCount.test3(TestingKeywordInvocationCount.java:97)
	at java.base/java.util.ArrayList.forEach(ArrayList.java:1596)
... Removed 27 stack frames</pre></div><a href='#' onClick='toggleBox("stack-trace1149377174", this, "Click to show all stack frames", "Click to hide stack frames")'>Click to show all stack frames</a>
<div class='stack-trace' id='stack-trace1149377174'><pre>java.lang.AssertionError: The following asserts failed:
	expected [www.facebook.com/setting] but found [www.facebook.com],
	expected [Facebook-setting page] but found [Facebook]
	at org.testng.asserts.SoftAssert.assertAll(SoftAssert.java:47)
	at org.testng.asserts.SoftAssert.assertAll(SoftAssert.java:31)
	at tests.TestingKeywordInvocationCount.test3(TestingKeywordInvocationCount.java:97)
	at java.base/jdk.internal.reflect.DirectMethodHandleAccessor.invoke(DirectMethodHandleAccessor.java:103)
	at java.base/java.lang.reflect.Method.invoke(Method.java:580)
	at org.testng.internal.MethodInvocationHelper.invokeMethod(MethodInvocationHelper.java:133)
	at org.testng.internal.TestInvoker.invokeMethod(TestInvoker.java:598)
	at org.testng.internal.TestInvoker.invokeTestMethod(TestInvoker.java:173)
	at org.testng.internal.MethodRunner.runInSequence(MethodRunner.java:46)
	at org.testng.internal.TestInvoker$MethodInvocationAgent.invoke(TestInvoker.java:824)
	at org.testng.internal.TestInvoker.invokeTestMethods(TestInvoker.java:146)
	at org.testng.internal.TestMethodWorker.invokeTestMethods(TestMethodWorker.java:146)
	at org.testng.internal.TestMethodWorker.run(TestMethodWorker.java:128)
	at java.base/java.util.ArrayList.forEach(ArrayList.java:1596)
	at org.testng.TestRunner.privateRun(TestRunner.java:794)
	at org.testng.TestRunner.run(TestRunner.java:596)
	at org.testng.SuiteRunner.runTest(SuiteRunner.java:377)
	at org.testng.SuiteRunner.runSequentially(SuiteRunner.java:371)
	at org.testng.SuiteRunner.privateRun(SuiteRunner.java:332)
	at org.testng.SuiteRunner.run(SuiteRunner.java:276)
	at org.testng.SuiteRunnerWorker.runSuite(SuiteRunnerWorker.java:53)
	at org.testng.SuiteRunnerWorker.run(SuiteRunnerWorker.java:96)
	at org.testng.TestNG.runSuitesSequentially(TestNG.java:1212)
	at org.testng.TestNG.runSuitesLocally(TestNG.java:1134)
	at org.testng.TestNG.runSuites(TestNG.java:1063)
	at org.testng.TestNG.run(TestNG.java:1031)
	at org.testng.remote.AbstractRemoteTestNG.run(AbstractRemoteTestNG.java:115)
	at org.testng.remote.RemoteTestNG.initAndRun(RemoteTestNG.java:293)
	at org.testng.remote.RemoteTestNG.main(RemoteTestNG.java:91)
</pre></div></td>
<td>0</td>
<td>tests.TestingKeywordInvocationCount@55182842</td></tr>
<tr>
<td title='tests.TestingKeywordInvocationCount.test2()'><b>test2</b><br>Test class: tests.TestingKeywordInvocationCount</td>
<td><div><pre>java.lang.AssertionError: The following asserts failed:
	expected [www.facebook.com/Home] but found [www.facebook.com],
	expected [Facebook-Home page] but found [Facebook]
	at tests.TestingKeywordInvocationCount.test2(TestingKeywordInvocationCount.java:80)
	at java.base/java.util.ArrayList.forEach(ArrayList.java:1596)
... Removed 27 stack frames</pre></div><a href='#' onClick='toggleBox("stack-trace737945227", this, "Click to show all stack frames", "Click to hide stack frames")'>Click to show all stack frames</a>
<div class='stack-trace' id='stack-trace737945227'><pre>java.lang.AssertionError: The following asserts failed:
	expected [www.facebook.com/Home] but found [www.facebook.com],
	expected [Facebook-Home page] but found [Facebook]
	at org.testng.asserts.SoftAssert.assertAll(SoftAssert.java:47)
	at org.testng.asserts.SoftAssert.assertAll(SoftAssert.java:31)
	at tests.TestingKeywordInvocationCount.test2(TestingKeywordInvocationCount.java:80)
	at java.base/jdk.internal.reflect.DirectMethodHandleAccessor.invoke(DirectMethodHandleAccessor.java:103)
	at java.base/java.lang.reflect.Method.invoke(Method.java:580)
	at org.testng.internal.MethodInvocationHelper.invokeMethod(MethodInvocationHelper.java:133)
	at org.testng.internal.TestInvoker.invokeMethod(TestInvoker.java:598)
	at org.testng.internal.TestInvoker.invokeTestMethod(TestInvoker.java:173)
	at org.testng.internal.MethodRunner.runInSequence(MethodRunner.java:46)
	at org.testng.internal.TestInvoker$MethodInvocationAgent.invoke(TestInvoker.java:824)
	at org.testng.internal.TestInvoker.invokeTestMethods(TestInvoker.java:146)
	at org.testng.internal.TestMethodWorker.invokeTestMethods(TestMethodWorker.java:146)
	at org.testng.internal.TestMethodWorker.run(TestMethodWorker.java:128)
	at java.base/java.util.ArrayList.forEach(ArrayList.java:1596)
	at org.testng.TestRunner.privateRun(TestRunner.java:794)
	at org.testng.TestRunner.run(TestRunner.java:596)
	at org.testng.SuiteRunner.runTest(SuiteRunner.java:377)
	at org.testng.SuiteRunner.runSequentially(SuiteRunner.java:371)
	at org.testng.SuiteRunner.privateRun(SuiteRunner.java:332)
	at org.testng.SuiteRunner.run(SuiteRunner.java:276)
	at org.testng.SuiteRunnerWorker.runSuite(SuiteRunnerWorker.java:53)
	at org.testng.SuiteRunnerWorker.run(SuiteRunnerWorker.java:96)
	at org.testng.TestNG.runSuitesSequentially(TestNG.java:1212)
	at org.testng.TestNG.runSuitesLocally(TestNG.java:1134)
	at org.testng.TestNG.runSuites(TestNG.java:1063)
	at org.testng.TestNG.run(TestNG.java:1031)
	at org.testng.remote.AbstractRemoteTestNG.run(AbstractRemoteTestNG.java:115)
	at org.testng.remote.RemoteTestNG.initAndRun(RemoteTestNG.java:293)
	at org.testng.remote.RemoteTestNG.main(RemoteTestNG.java:91)
</pre></div></td>
<td>0</td>
<td>tests.TestingKeywordInvocationCount@55182842</td></tr>
<tr>
<td title='tests.TestingAnnotation.test()'><b>test</b><br>Test class: tests.TestingAnnotation</td>
<td><div><pre>java.lang.AssertionError: did not expect [Data] but found [Data]
	at tests.TestingAnnotation.test(TestingAnnotation.java:58)
	at java.base/java.util.ArrayList.forEach(ArrayList.java:1596)
... Removed 30 stack frames</pre></div><a href='#' onClick='toggleBox("stack-trace1881901842", this, "Click to show all stack frames", "Click to hide stack frames")'>Click to show all stack frames</a>
<div class='stack-trace' id='stack-trace1881901842'><pre>java.lang.AssertionError: did not expect [Data] but found [Data]
	at org.testng.Assert.fail(Assert.java:99)
	at org.testng.Assert.failEquals(Assert.java:1041)
	at org.testng.Assert.assertNotEqualsImpl(Assert.java:147)
	at org.testng.Assert.assertNotEquals(Assert.java:1531)
	at org.testng.Assert.assertNotEquals(Assert.java:1535)
	at tests.TestingAnnotation.test(TestingAnnotation.java:58)
	at java.base/jdk.internal.reflect.DirectMethodHandleAccessor.invoke(DirectMethodHandleAccessor.java:103)
	at java.base/java.lang.reflect.Method.invoke(Method.java:580)
	at org.testng.internal.MethodInvocationHelper.invokeMethod(MethodInvocationHelper.java:133)
	at org.testng.internal.TestInvoker.invokeMethod(TestInvoker.java:598)
	at org.testng.internal.TestInvoker.invokeTestMethod(TestInvoker.java:173)
	at org.testng.internal.MethodRunner.runInSequence(MethodRunner.java:46)
	at org.testng.internal.TestInvoker$MethodInvocationAgent.invoke(TestInvoker.java:824)
	at org.testng.internal.TestInvoker.invokeTestMethods(TestInvoker.java:146)
	at org.testng.internal.TestMethodWorker.invokeTestMethods(TestMethodWorker.java:146)
	at org.testng.internal.TestMethodWorker.run(TestMethodWorker.java:128)
	at java.base/java.util.ArrayList.forEach(ArrayList.java:1596)
	at org.testng.TestRunner.privateRun(TestRunner.java:794)
	at org.testng.TestRunner.run(TestRunner.java:596)
	at org.testng.SuiteRunner.runTest(SuiteRunner.java:377)
	at org.testng.SuiteRunner.runSequentially(SuiteRunner.java:371)
	at org.testng.SuiteRunner.privateRun(SuiteRunner.java:332)
	at org.testng.SuiteRunner.run(SuiteRunner.java:276)
	at org.testng.SuiteRunnerWorker.runSuite(SuiteRunnerWorker.java:53)
	at org.testng.SuiteRunnerWorker.run(SuiteRunnerWorker.java:96)
	at org.testng.TestNG.runSuitesSequentially(TestNG.java:1212)
	at org.testng.TestNG.runSuitesLocally(TestNG.java:1134)
	at org.testng.TestNG.runSuites(TestNG.java:1063)
	at org.testng.TestNG.run(TestNG.java:1031)
	at org.testng.remote.AbstractRemoteTestNG.run(AbstractRemoteTestNG.java:115)
	at org.testng.remote.RemoteTestNG.initAndRun(RemoteTestNG.java:293)
	at org.testng.remote.RemoteTestNG.main(RemoteTestNG.java:91)
</pre></div></td>
<td>0</td>
<td>tests.TestingAnnotation@4218d6a3</td></tr>
</table><p>
<table width='100%' border='1' class='invocation-passed'>
<tr><td colspan='4' align='center'><b>PASSED TESTS</b></td></tr>
<tr><td><b>Test method</b></td>
<td width="30%"><b>Exception</b></td>
<td width="10%"><b>Time (seconds)</b></td>
<td><b>Instance</b></td>
</tr>
<tr>
<td title='tests.TestingKeywordInvocationCount.test1()'><b>test1</b><br>Test class: tests.TestingKeywordInvocationCount</td>
<td></td>
<td>0</td>
<td>tests.TestingKeywordInvocationCount@55182842</td></tr>
<tr>
<td title='tests.TestingKeywordEnabled.test3()'><b>test3</b><br>Test class: tests.TestingKeywordEnabled</td>
<td></td>
<td>0</td>
<td>tests.TestingKeywordEnabled@47eaca72</td></tr>
<tr>
<td title='tests.TestingKeywordTimeOut.test3()'><b>test3</b><br>Test class: tests.TestingKeywordTimeOut</td>
<td></td>
<td>0</td>
<td>tests.TestingKeywordTimeOut@1aafa419</td></tr>
<tr>
<td title='tests.TestingKeywordPriority.test1()'><b>test1</b><br>Test class: tests.TestingKeywordPriority</td>
<td></td>
<td>0</td>
<td>tests.TestingKeywordPriority@7cc0cdad</td></tr>
<tr>
<td title='tests.TestingKeywordPriority.test2()'><b>test2</b><br>Test class: tests.TestingKeywordPriority</td>
<td></td>
<td>0</td>
<td>tests.TestingKeywordPriority@7cc0cdad</td></tr>
<tr>
<td title='tests.TestingKeyworddependsOnMethods.test2()'><b>test2</b><br>Test class: tests.TestingKeyworddependsOnMethods</td>
<td></td>
<td>0</td>
<td>tests.TestingKeyworddependsOnMethods@5656be13</td></tr>
<tr>
<td title='tests.TestingKeywordTimeOut.test4()'><b>test4</b><br>Test class: tests.TestingKeywordTimeOut</td>
<td></td>
<td>0</td>
<td>tests.TestingKeywordTimeOut@1aafa419</td></tr>
<tr>
<td title='tests.TestingKeywordEnabled.test2()'><b>test2</b><br>Test class: tests.TestingKeywordEnabled</td>
<td></td>
<td>0</td>
<td>tests.TestingKeywordEnabled@47eaca72</td></tr>
<tr>
<td title='tests.TestingKeywordInvocationCount.test1()'><b>test1</b><br>Test class: tests.TestingKeywordInvocationCount</td>
<td></td>
<td>0</td>
<td>tests.TestingKeywordInvocationCount@55182842</td></tr>
<tr>
<td title='tests.TestingKeywordInvocationCount.test1()'><b>test1</b><br>Test class: tests.TestingKeywordInvocationCount</td>
<td></td>
<td>0</td>
<td>tests.TestingKeywordInvocationCount@55182842</td></tr>
<tr>
<td title='tests.TestingKeywordPriority.test3()'><b>test3</b><br>Test class: tests.TestingKeywordPriority</td>
<td></td>
<td>0</td>
<td>tests.TestingKeywordPriority@7cc0cdad</td></tr>
<tr>
<td title='tests.TestingKeywordEnabled.test4()'><b>test4</b><br>Test class: tests.TestingKeywordEnabled</td>
<td></td>
<td>0</td>
<td>tests.TestingKeywordEnabled@47eaca72</td></tr>
<tr>
<td title='tests.TestingKeywordTimeOut.test2()'><b>test2</b><br>Test class: tests.TestingKeywordTimeOut</td>
<td></td>
<td>0</td>
<td>tests.TestingKeywordTimeOut@1aafa419</td></tr>
<tr>
<td title='tests.TestingKeywordInvocationCount.test4()'><b>test4</b><br>Test class: tests.TestingKeywordInvocationCount</td>
<td></td>
<td>0</td>
<td>tests.TestingKeywordInvocationCount@55182842</td></tr>
<tr>
<td title='tests.TestingKeyworddependsOnMethods.test4()'><b>test4</b><br>Test class: tests.TestingKeyworddependsOnMethods</td>
<td></td>
<td>0</td>
<td>tests.TestingKeyworddependsOnMethods@5656be13</td></tr>
</table><p>
</body>
</html>