<?xml version="1.0" encoding="UTF-8"?>
<!-- Generated by org.testng.reporters.JUnitXMLReporter -->
<testsuite ignored="6" hostname="DESKTOP-392F8VM" failures="4" tests="19" name="Test" time="0.968" errors="0" timestamp="2024-04-24T16:42:10 IST">
  <testcase classname="tests.TestingKeywordPriority" name="test2" time="0.056"/>
  <testcase classname="tests.TestingKeywordPriority" name="test3" time="0.021"/>
  <testcase classname="tests.TestingKeywordPriority" name="test1" time="0.017"/>
  <testcase classname="tests.TestingKeywordPriority" name="test4" time="0.039">
    <failure type="java.lang.AssertionError" message="The following asserts failed:
	expected [www.facebook.com/Home] but found [www.facebook.com],
	expected [Facebook123] but found [Facebook]">
      <![CDATA[java.lang.AssertionError: The following asserts failed:
expected [www.facebook.com/Home] but found [www.facebook.com],
expected [Facebook123] but found [Facebook]
at tests.TestingKeywordPriority.test4(TestingKeywordPriority.java:100)
at java.base/java.util.ArrayList.forEach(ArrayList.java:1596)
... Removed 27 stack frames]]>
    </failure>
  </testcase> <!-- test4 -->
  <testcase classname="tests.TestingKeywordTimeOut" name="test2" time="0.011"/>
  <testcase classname="tests.TestingKeywordTimeOut" name="test3" time="0.014"/>
  <testcase classname="tests.TestingKeywordTimeOut" name="test4" time="0.007"/>
  <testcase classname="tests.TestingKeywordEnabled" name="test2" time="0.013"/>
  <testcase classname="tests.TestingKeywordEnabled" name="test3" time="0.019"/>
  <testcase classname="tests.TestingKeywordEnabled" name="test4" time="0.011"/>
  <testcase classname="tests.TestingKeywordInvocationCount" name="test2" time="0.006">
    <failure type="java.lang.AssertionError" message="The following asserts failed:
	expected [www.facebook.com/Home] but found [www.facebook.com],
	expected [Facebook-Home page] but found [Facebook]">
      <![CDATA[java.lang.AssertionError: The following asserts failed:
expected [www.facebook.com/Home] but found [www.facebook.com],
expected [Facebook-Home page] but found [Facebook]
at tests.TestingKeywordInvocationCount.test2(TestingKeywordInvocationCount.java:80)
at java.base/java.util.ArrayList.forEach(ArrayList.java:1596)
... Removed 27 stack frames]]>
    </failure>
  </testcase> <!-- test2 -->
  <testcase classname="tests.TestingKeywordInvocationCount" name="test3" time="0.005">
    <failure type="java.lang.AssertionError" message="The following asserts failed:
	expected [www.facebook.com/setting] but found [www.facebook.com],
	expected [Facebook-setting page] but found [Facebook]">
      <![CDATA[java.lang.AssertionError: The following asserts failed:
expected [www.facebook.com/setting] but found [www.facebook.com],
expected [Facebook-setting page] but found [Facebook]
at tests.TestingKeywordInvocationCount.test3(TestingKeywordInvocationCount.java:97)
at java.base/java.util.ArrayList.forEach(ArrayList.java:1596)
... Removed 27 stack frames]]>
    </failure>
  </testcase> <!-- test3 -->
  <testcase classname="tests.TestingKeywordInvocationCount" name="test1" time="0.005"/>
  <testcase classname="tests.TestingKeywordInvocationCount" name="test1" time="0.005"/>
  <testcase classname="tests.TestingKeywordInvocationCount" name="test1" time="0.003"/>
  <testcase classname="tests.TestingKeywordInvocationCount" name="test4" time="0.006"/>
  <testcase classname="tests.TestingKeyworddependsOnMethods" name="test2" time="0.004"/>
  <testcase classname="tests.TestingKeyworddependsOnMethods" name="test4" time="0.006"/>
  <testcase classname="tests.TestingAnnotation" name="test" time="0.02">
    <failure type="java.lang.AssertionError" message="did not expect [Data] but found [Data]">
      <![CDATA[java.lang.AssertionError: did not expect [Data] but found [Data]
at tests.TestingAnnotation.test(TestingAnnotation.java:58)
at java.base/java.util.ArrayList.forEach(ArrayList.java:1596)
... Removed 30 stack frames]]>
    </failure>
  </testcase> <!-- test -->
  <testcase classname="tests.TestingKeywordTimeOut" name="test1" time="0.0">
    <ignored/>
  </testcase> <!-- test1 -->
  <testcase classname="tests.TestingKeywordEnabled" name="test1" time="0.0">
    <ignored/>
  </testcase> <!-- test1 -->
  <testcase classname="tests.TestingKeyworddependsOnMethods" name="test3" time="0.0">
    <ignored/>
  </testcase> <!-- test3 -->
  <testcase classname="tests.AmezonTest" name="verifyErrorMessageWhenPasswordFunctionalityIsUsed" time="0.0">
    <ignored/>
  </testcase> <!-- verifyErrorMessageWhenPasswordFunctionalityIsUsed -->
  <testcase classname="tests.AmezonTest" name="verifyPasswordShouldBeChangedSuccessfully" time="0.0">
    <ignored/>
  </testcase> <!-- verifyPasswordShouldBeChangedSuccessfully -->
  <testcase classname="tests.TestingKeyworddependsOnMethods" name="test1" time="0.0">
    <ignored/>
  </testcase> <!-- test1 -->
</testsuite> <!-- Test -->
