<?xml version="1.0" encoding="UTF-8"?>
<!-- Generated by org.testng.reporters.JUnitXMLReporter -->
<testsuite ignored="0" hostname="DESKTOP-392F8VM" failures="0" tests="3" name="Test" time="1.363" errors="0" timestamp="2024-04-27T16:27:52 IST">
  <testcase classname="test.TestingCreateNewAccount" name="@BeforeTest launchBrowser" time="-1.714215471049E9">
    <failure type="org.testng.TestNGException" message="
Parameter &amp;apos;browser&amp;apos; is required by BeforeTest on method launchBrowser but has not been marked @Optional or defined
in C:\Users\Dell\eclipse-workspace\LumaAutomation\testngSuiteOperation.xml">
      <![CDATA[org.testng.TestNGException: 
Parameter 'browser' is required by BeforeTest on method launchBrowser but has not been marked @Optional or defined
in C:\Users\Dell\eclipse-workspace\LumaAutomation\testngSuiteOperation.xml
... Removed 21 stack frames]]>
    </failure>
  </testcase> <!-- @BeforeTest launchBrowser -->
  <testcase classname="test.TestingMyAccountPage" name="@BeforeTest launchBrowser" time="0.0">
    <skipped/>
  </testcase> <!-- @BeforeTest launchBrowser -->
  <testcase classname="test.TestingSignUpPage" name="@BeforeTest launchBrowser" time="0.0">
    <skipped/>
  </testcase> <!-- @BeforeTest launchBrowser -->
  <testcase classname="test.TestingSignUpPage" name="@BeforeClass initializePOMClasses" time="0.0">
    <skipped/>
  </testcase> <!-- @BeforeClass initializePOMClasses -->
  <testcase classname="test.TestingMyAccountPage" name="@BeforeClass initializePOMClasses" time="0.0">
    <skipped/>
  </testcase> <!-- @BeforeClass initializePOMClasses -->
  <testcase classname="test.TestingCreateNewAccount" name="@BeforeClass initializePOMClasses" time="0.0">
    <skipped/>
  </testcase> <!-- @BeforeClass initializePOMClasses -->
  <testcase classname="test.TestingSignUpPage" name="@BeforeMethod launchSignInPage" time="0.0">
    <skipped/>
  </testcase> <!-- @BeforeMethod launchSignInPage -->
  <testcase classname="test.TestingMyAccountPage" name="@BeforeMethod launchSignInPage" time="0.0">
    <skipped/>
  </testcase> <!-- @BeforeMethod launchSignInPage -->
  <testcase classname="test.TestingMyAccountPage" name="@AfterMethod captureScreenshotOfTestCases" time="0.0">
    <skipped/>
  </testcase> <!-- @AfterMethod captureScreenshotOfTestCases -->
  <testcase classname="test.TestingMyAccountPage" name="@AfterClass browserClose" time="0.0">
    <skipped/>
  </testcase> <!-- @AfterClass browserClose -->
  <testcase classname="test.TestingCreateNewAccount" name="@BeforeMethod launchSignInPage" time="0.0">
    <skipped/>
  </testcase> <!-- @BeforeMethod launchSignInPage -->
  <testcase classname="test.TestingSignUpPage" name="@AfterMethod captureScreenshotOfTestCases" time="0.0">
    <skipped/>
  </testcase> <!-- @AfterMethod captureScreenshotOfTestCases -->
  <testcase classname="test.TestingSignUpPage" name="@AfterClass browserClose" time="0.0">
    <skipped/>
  </testcase> <!-- @AfterClass browserClose -->
  <testcase classname="test.TestingCreateNewAccount" name="@AfterMethod captureScreenshotOfTestCases" time="0.0">
    <skipped/>
  </testcase> <!-- @AfterMethod captureScreenshotOfTestCases -->
  <testcase classname="test.TestingCreateNewAccount" name="@AfterClass browserClose" time="0.0">
    <skipped/>
  </testcase> <!-- @AfterClass browserClose -->
  <testcase classname="test.TestingCreateNewAccount" name="@AfterTest afterTest" time="0.0">
    <skipped/>
  </testcase> <!-- @AfterTest afterTest -->
  <testcase classname="test.TestingMyAccountPage" name="@AfterTest afterTest" time="0.0">
    <skipped/>
  </testcase> <!-- @AfterTest afterTest -->
  <testcase classname="test.TestingSignUpPage" name="@AfterTest afterTest" time="0.0">
    <skipped/>
  </testcase> <!-- @AfterTest afterTest -->
  <testcase classname="test.TestingMyAccountPage" name="verifyCreateNewAccountSuccessfully" time="0.005">
    <skipped/>
  </testcase> <!-- verifyCreateNewAccountSuccessfully -->
  <testcase classname="test.TestingSignUpPage" name="verifySignInSuccessfully" time="0.001">
    <skipped/>
  </testcase> <!-- verifySignInSuccessfully -->
  <testcase classname="test.TestingCreateNewAccount" name="verifyCreateNewAccountSuccessfully" time="0.001">
    <skipped/>
  </testcase> <!-- verifyCreateNewAccountSuccessfully -->
</testsuite> <!-- Test -->
